<?xml version="1.0" encoding="UTF-8"?>
<!-- Generated by org.testng.reporters.JUnitReportReporter -->
<testsuite hostname="DESKTOP-39G43KO" failures="0" tests="3" name="MySessions.MySession.Frameseg" time="28.049" errors="1" timestamp="2022-04-01T11:41:55 IST" skipped="2">
  <testcase classname="MySessions.MySession.Frameseg" name="setBrowser" time="28.049">
    <error message="session not created: This version of MSEdgeDriver only supports MSEdge version 93
Current browser version is 98.0.1108.50 with binary path C:\Program Files (x86)\Microsoft\Edge\Application\msedge.exe
Build info: version: &#039;3.141.59&#039;, revision: &#039;e82be7d358&#039;, time: &#039;2018-11-14T08:17:03&#039;
System info: host: &#039;DESKTOP-39G43KO&#039;, ip: &#039;192.168.43.170&#039;, os.name: &#039;Windows 10&#039;, os.arch: &#039;amd64&#039;, os.version: &#039;10.0&#039;, java.version: &#039;11.0.2&#039;
Driver info: driver.version: EdgeDriver
remote stacktrace: Backtrace:
	Ordinal0 [0x00007FF6CE5892C2+4821698]
	Ordinal0 [0x00007FF6CE20D543+1168707]
	Ordinal0 [0x00007FF6CE237059+1339481]
	Ordinal0 [0x00007FF6CE2337E1+1325025]
	Ordinal0 [0x00007FF6CE22CC45+1297477]
	Ordinal0 [0x00007FF6CE267883+1538179]
	Ordinal0 [0x00007FF6CE262B6F+1518447]
	Ordinal0 [0x00007FF6CE238E8A+1347210]
	Ordinal0 [0x00007FF6CE239EEF+1351407]
	Ordinal0 [0x00007FF6CE2E847D+2065533]
	Ordinal0 [0x00007FF6CE29D31A+1757978]
	Ordinal0 [0x00007FF6CE47D629+3724841]
	Ordinal0 [0x00007FF6CE29EC09+1764361]
	Ordinal0 [0x00007FF6CE58C4F8+4834552]
	Ordinal0 [0x00007FF6CE58BF64+4833124]
	Ordinal0 [0x00007FF6CE58BDB6+4832694]
	Ordinal0 [0x00007FF6CE53908C+4493452]
	BaseThreadInitThunk [0x00007FF8863C7034+20]
	RtlUserThreadStart [0x00007FF886AC2651+33]
" type="org.openqa.selenium.SessionNotCreatedException">
      <![CDATA[org.openqa.selenium.SessionNotCreatedException: session not created: This version of MSEdgeDriver only supports MSEdge version 93
Current browser version is 98.0.1108.50 with binary path C:\Program Files (x86)\Microsoft\Edge\Application\msedge.exe
Build info: version: '3.141.59', revision: 'e82be7d358', time: '2018-11-14T08:17:03'
System info: host: 'DESKTOP-39G43KO', ip: '192.168.43.170', os.name: 'Windows 10', os.arch: 'amd64', os.version: '10.0', java.version: '11.0.2'
Driver info: driver.version: EdgeDriver
remote stacktrace: Backtrace:
Ordinal0 [0x00007FF6CE5892C2+4821698]
Ordinal0 [0x00007FF6CE20D543+1168707]
Ordinal0 [0x00007FF6CE237059+1339481]
Ordinal0 [0x00007FF6CE2337E1+1325025]
Ordinal0 [0x00007FF6CE22CC45+1297477]
Ordinal0 [0x00007FF6CE267883+1538179]
Ordinal0 [0x00007FF6CE262B6F+1518447]
Ordinal0 [0x00007FF6CE238E8A+1347210]
Ordinal0 [0x00007FF6CE239EEF+1351407]
Ordinal0 [0x00007FF6CE2E847D+2065533]
Ordinal0 [0x00007FF6CE29D31A+1757978]
Ordinal0 [0x00007FF6CE47D629+3724841]
Ordinal0 [0x00007FF6CE29EC09+1764361]
Ordinal0 [0x00007FF6CE58C4F8+4834552]
Ordinal0 [0x00007FF6CE58BF64+4833124]
Ordinal0 [0x00007FF6CE58BDB6+4832694]
Ordinal0 [0x00007FF6CE53908C+4493452]
BaseThreadInitThunk [0x00007FF8863C7034+20]
RtlUserThreadStart [0x00007FF886AC2651+33]

at java.base/jdk.internal.reflect.NativeConstructorAccessorImpl.newInstance0(Native Method)
at java.base/jdk.internal.reflect.NativeConstructorAccessorImpl.newInstance(NativeConstructorAccessorImpl.java:62)
at java.base/jdk.internal.reflect.DelegatingConstructorAccessorImpl.newInstance(DelegatingConstructorAccessorImpl.java:45)
at java.base/java.lang.reflect.Constructor.newInstance(Constructor.java:490)
at org.openqa.selenium.remote.W3CHandshakeResponse.lambda$errorHandler$0(W3CHandshakeResponse.java:62)
at org.openqa.selenium.remote.HandshakeResponse.lambda$getResponseFunction$0(HandshakeResponse.java:30)
at org.openqa.selenium.remote.ProtocolHandshake.lambda$createSession$0(ProtocolHandshake.java:126)
at java.base/java.util.stream.ReferencePipeline$3$1.accept(ReferencePipeline.java:195)
at java.base/java.util.Spliterators$ArraySpliterator.tryAdvance(Spliterators.java:958)
at java.base/java.util.stream.ReferencePipeline.forEachWithCancel(ReferencePipeline.java:127)
at java.base/java.util.stream.AbstractPipeline.copyIntoWithCancel(AbstractPipeline.java:502)
at java.base/java.util.stream.AbstractPipeline.copyInto(AbstractPipeline.java:488)
at java.base/java.util.stream.AbstractPipeline.wrapAndCopyInto(AbstractPipeline.java:474)
at java.base/java.util.stream.FindOps$FindOp.evaluateSequential(FindOps.java:150)
at java.base/java.util.stream.AbstractPipeline.evaluate(AbstractPipeline.java:234)
at java.base/java.util.stream.ReferencePipeline.findFirst(ReferencePipeline.java:543)
at org.openqa.selenium.remote.ProtocolHandshake.createSession(ProtocolHandshake.java:128)
at org.openqa.selenium.remote.ProtocolHandshake.createSession(ProtocolHandshake.java:74)
at org.openqa.selenium.remote.HttpCommandExecutor.execute(HttpCommandExecutor.java:136)
at org.openqa.selenium.remote.service.DriverCommandExecutor.execute(DriverCommandExecutor.java:83)
at org.openqa.selenium.remote.RemoteWebDriver.execute(RemoteWebDriver.java:552)
at org.openqa.selenium.remote.RemoteWebDriver.startSession(RemoteWebDriver.java:213)
at org.openqa.selenium.remote.RemoteWebDriver.<init>(RemoteWebDriver.java:131)
at org.openqa.selenium.edge.EdgeDriver.<init>(EdgeDriver.java:141)
at org.openqa.selenium.edge.EdgeDriver.<init>(EdgeDriver.java:96)
at MySessions.MySession.Frameseg.setBrowser(Frameseg.java:25)
at java.base/jdk.internal.reflect.NativeMethodAccessorImpl.invoke0(Native Method)
at java.base/jdk.internal.reflect.NativeMethodAccessorImpl.invoke(NativeMethodAccessorImpl.java:62)
at java.base/jdk.internal.reflect.DelegatingMethodAccessorImpl.invoke(DelegatingMethodAccessorImpl.java:43)
at java.base/java.lang.reflect.Method.invoke(Method.java:566)
at org.testng.internal.MethodInvocationHelper.invokeMethod(MethodInvocationHelper.java:133)
at org.testng.internal.MethodInvocationHelper.invokeMethodConsideringTimeout(MethodInvocationHelper.java:62)
at org.testng.internal.ConfigInvoker.invokeConfigurationMethod(ConfigInvoker.java:385)
at org.testng.internal.ConfigInvoker.invokeConfigurations(ConfigInvoker.java:321)
at org.testng.internal.TestMethodWorker.invokeBeforeClassMethods(TestMethodWorker.java:176)
at org.testng.internal.TestMethodWorker.run(TestMethodWorker.java:122)
at java.base/java.util.ArrayList.forEach(ArrayList.java:1540)
at org.testng.TestRunner.privateRun(TestRunner.java:794)
at org.testng.TestRunner.run(TestRunner.java:596)
at org.testng.SuiteRunner.runTest(SuiteRunner.java:377)
at org.testng.SuiteRunner.runSequentially(SuiteRunner.java:371)
at org.testng.SuiteRunner.privateRun(SuiteRunner.java:332)
at org.testng.SuiteRunner.run(SuiteRunner.java:276)
at org.testng.SuiteRunnerWorker.runSuite(SuiteRunnerWorker.java:53)
at org.testng.SuiteRunnerWorker.run(SuiteRunnerWorker.java:96)
at org.testng.TestNG.runSuitesSequentially(TestNG.java:1212)
at org.testng.TestNG.runSuitesLocally(TestNG.java:1134)
at org.testng.TestNG.runSuites(TestNG.java:1063)
at org.testng.TestNG.run(TestNG.java:1031)
at org.testng.remote.AbstractRemoteTestNG.run(AbstractRemoteTestNG.java:115)
at org.testng.remote.RemoteTestNG.initAndRun(RemoteTestNG.java:251)
at org.testng.remote.RemoteTestNG.main(RemoteTestNG.java:77)
]]>
    </error>
  </testcase> <!-- setBrowser -->
  <system-out/>
  <testcase classname="MySessions.MySession.Frameseg" name="action" time="0.000">
    <skipped/>
  </testcase> <!-- action -->
  <system-out/>
  <testcase classname="MySessions.MySession.Frameseg" name="amazonpay" time="0.000">
    <skipped/>
  </testcase> <!-- amazonpay -->
  <system-out/>
</testsuite> <!-- MySessions.MySession.Frameseg -->
